New log file opened at Sat Dec 10 21:46:06 EST 2016 by 12980@DESKTOP-VNT9566
jvm 12980@DESKTOP-VNT9566
jvm vmName=Java HotSpot(TM) 64-Bit Server VM vmVendor=Oracle Corporation vmVersion=25.112-b15
jvm specName=Java Virtual Machine Specification specVendor=Oracle Corporation specVersion=1.8
jvm arguments: [-Xms256m, -Xmx1024m, -XX:MetaspaceSize=64m, -XX:MaxMetaspaceSize=256m]
Starting event engine
Starting sbt command engine
Waiting for sbt command engine
Command engine arguments=List()
Command engine baseDirectory=E:\User Account Info\Documents\GitHub\Storage-Analytics
Command engine initial remaining commands List(--initialize, onFailure load-failed, boot, server-send-ready-for-request, server-handle-next-server-request)
> --initialize
> initialize
> onFailure load-failed
> boot
> reload
[Loading] Scanning directory E:\User Account Info\Documents\GitHub\Storage-Analytics\project
[Loading] Found non-root projects 
[Loading] Done in E:\User Account Info\Documents\GitHub\Storage-Analytics\project, returning: ()
deducing auto plugins based on known facts Set(Atom(sbt.plugins.CorePlugin)) and clauses Clauses(List(Clause(Atom(sbt.plugins.JvmPlugin),Set(Atom(sbt.plugins.IvyPlugin))), Clause(Atom(sbt.plugins.JUnitXmlReportPlugin),Set(Atom(sbt.plugins.JvmPlugin))), Clause(Atom(sbt.plugins.CorePlugin),Set(Atom(sbt.plugins.IvyPlugin))), Clause(Atom(sbt.plugins.IvyPlugin),Set(Atom(sbt.plugins.JvmPlugin))), Clause(Atom(sbt.plugins.JvmPlugin),Set(Atom(sbt.plugins.JUnitXmlReportPlugin)))))
  :: deduced result: Matched(sbt.plugins.CorePlugin,sbt.plugins.IvyPlugin,sbt.plugins.JvmPlugin,sbt.plugins.JUnitXmlReportPlugin)
sorting: ns: List(sbt.plugins.CorePlugin, sbt.plugins.IvyPlugin, sbt.plugins.JvmPlugin, sbt.plugins.JUnitXmlReportPlugin)
  :: sorting:: found: List(sbt.plugins.CorePlugin) not found List(sbt.plugins.IvyPlugin, sbt.plugins.JvmPlugin, sbt.plugins.JUnitXmlReportPlugin)
  :: sorting:: found: List(sbt.plugins.CorePlugin, sbt.plugins.IvyPlugin) not found List(sbt.plugins.JvmPlugin, sbt.plugins.JUnitXmlReportPlugin)
  :: sorting:: found: List(sbt.plugins.CorePlugin, sbt.plugins.IvyPlugin, sbt.plugins.JvmPlugin) not found List(sbt.plugins.JUnitXmlReportPlugin)
  :: sorting:: found: List(sbt.plugins.CorePlugin, sbt.plugins.IvyPlugin, sbt.plugins.JvmPlugin, sbt.plugins.JUnitXmlReportPlugin) not found List()
  :: sorted deduced result: List(sbt.plugins.CorePlugin, sbt.plugins.IvyPlugin, sbt.plugins.JvmPlugin, sbt.plugins.JUnitXmlReportPlugin)
[Loading] Done in E:\User Account Info\Documents\GitHub\Storage-Analytics\project, returning: (storage-analytics-build)
Loading project definition from E:\User Account Info\Documents\GitHub\Storage-Analytics\project
Running task... Cancel: sbt.TaskCancellationStrategy$Null$@4760ccc0, check cycles: false

Initial source changes: 
	removed:Set()
	added: Set()
	modified: Set(E:\User Account Info\Documents\GitHub\Storage-Analytics\project\Webpack.scala)
Removed products: Set()
External API changes: API Changes: Set()
Modified binary dependencies: Set()
Initial directly invalidated sources: Set(E:\User Account Info\Documents\GitHub\Storage-Analytics\project\Webpack.scala)

Sources indirectly invalidated by:
	product: Set()
	binary dep: Set()
	external source: Set()
All initially invalidated sources: Set(E:\User Account Info\Documents\GitHub\Storage-Analytics\project\Webpack.scala)

Recompiling all 1 sources: invalidated sources (1) exceeded 50.0% of all sources
[info] Compiling 1 Scala source to E:\User Account Info\Documents\GitHub\Storage-Analytics\project\target\scala-2.10\sbt-0.13\classes...
Compiling 1 Scala source to E:\User Account Info\Documents\GitHub\Storage-Analytics\project\target\scala-2.10\sbt-0.13\classes...
Getting compiler-interface from component compiler for Scala 2.10.4
Getting compiler-interface from component compiler for Scala 2.10.4
Running cached compiler 66be477c, interfacing (CompilerInterface) with Scala compiler version 2.10.4
Calling Scala compiler with arguments  (CompilerInterface):
	-bootclasspath
	E:\Program Files\Java\lib\resources.jar;E:\Program Files\Java\lib\rt.jar;E:\Program Files\Java\lib\sunrsasign.jar;E:\Program Files\Java\lib\jsse.jar;E:\Program Files\Java\lib\jce.jar;E:\Program Files\Java\lib\charsets.jar;E:\Program Files\Java\lib\jfr.jar;E:\Program Files\Java\classes;C:\Users\Ryan\.sbt\boot\scala-2.10.4\lib\scala-library.jar
	-classpath
	E:\User Account Info\Documents\GitHub\Storage-Analytics\project\target\scala-2.10\sbt-0.13\classes;C:\Users\Ryan\.ivy2\cache\scala_2.10\sbt_0.13\com.typesafe.play\sbt-fork-run-plugin\jars\sbt-fork-run-plugin-2.4.6.jar;C:\Users\Ryan\.ivy2\cache\com.typesafe.play\sbt-fork-run-protocol_2.10\jars\sbt-fork-run-protocol_2.10-2.4.6.jar;C:\Users\Ryan\.ivy2\cache\com.typesafe.play\sbt-run-support_2.10\jars\sbt-run-support_2.10-2.4.6.jar;C:\Users\Ryan\.ivy2\cache\com.typesafe.play\build-link\jars\build-link-2.4.6.jar;C:\Users\Ryan\.ivy2\cache\com.typesafe.play\play-exceptions\jars\play-exceptions-2.4.6.jar;C:\Users\Ryan\.ivy2\cache\org.javassist\javassist\bundles\javassist-3.19.0-GA.jar;C:\Users\Ryan\.ivy2\cache\com.typesafe.sbtrc\client-2-10\jars\client-2-10-0.3.1.jar;C:\Users\Ryan\.sbt\boot\scala-2.10.4\lib\scala-reflect.jar;C:\Users\Ryan\.ivy2\cache\org.scala-lang.modules\scala-pickling_2.10\jars\scala-pickling_2.10-0.10.0.jar;C:\Users\Ryan\.sbt\boot\scala-2.10.4\lib\scala-compiler.jar;C:\Users\Ryan\.ivy2\cache\org.scalamacros\quasiquotes_2.10\jars\quasiquotes_2.10-2.0.1.jar;C:\Users\Ryan\.ivy2\cache\org.json4s\json4s-core_2.10\jars\json4s-core_2.10-3.2.10.jar;C:\Users\Ryan\.ivy2\cache\org.json4s\json4s-ast_2.10\jars\json4s-ast_2.10-3.2.10.jar;C:\Users\Ryan\.ivy2\cache\com.thoughtworks.paranamer\paranamer\jars\paranamer-2.6.jar;C:\Users\Ryan\.ivy2\cache\org.spire-math\jawn-parser_2.10\jars\jawn-parser_2.10-0.6.0.jar;C:\Users\Ryan\.ivy2\cache\org.spire-math\json4s-support_2.10\jars\json4s-support_2.10-0.6.0.jar;C:\Users\Ryan\.ivy2\cache\scala_2.10\sbt_0.13\com.typesafe.play\sbt-plugin\jars\sbt-plugin-2.4.6.jar;C:\Users\Ryan\.ivy2\cache\com.typesafe.play\sbt-routes-compiler_2.10\jars\sbt-routes-compiler_2.10-2.4.6.jar;C:\Users\Ryan\.ivy2\cache\com.typesafe.play\twirl-api_2.10\jars\twirl-api_2.10-1.1.1.jar;C:\Users\Ryan\.ivy2\cache\org.apache.commons\commons-lang3\jars\commons-lang3-3.4.jar;C:\Users\Ryan\.ivy2\cache\commons-io\commons-io\jars\commons-io-2.4.jar;C:\Users\Ryan\.ivy2\cache\com.typesafe\config\bundles\config-1.3.0.jar;C:\Users\Ryan\.ivy2\cache\com.google.guava\guava\bundles\guava-18.0.jar;C:\Users\Ryan\.ivy2\cache\com.h2database\h2\jars\h2-1.4.187.jar;C:\Users\Ryan\.ivy2\cache\net.contentobjects.jnotify\jnotify\jars\jnotify-0.94-play-1.jar;C:\Users\Ryan\.ivy2\cache\scala_2.10\sbt_0.13\com.typesafe.sbt\sbt-twirl\jars\sbt-twirl-1.1.1.jar;C:\Users\Ryan\.ivy2\cache\com.typesafe.play\twirl-compiler_2.10\jars\twirl-compiler_2.10-1.1.1.jar;C:\Users\Ryan\.ivy2\cache\com.typesafe.play\twirl-parser_2.10\jars\twirl-parser_2.10-1.1.1.jar;C:\Users\Ryan\.ivy2\cache\scala_2.10\sbt_0.13\com.typesafe.sbt\sbt-native-packager\jars\sbt-native-packager-1.0.1.jar;C:\Users\Ryan\.ivy2\cache\org.vafer\jdeb\jars\jdeb-1.3.jar;C:\Users\Ryan\.ivy2\cache\org.apache.maven\maven-core\jars\maven-core-3.2.2.jar;C:\Users\Ryan\.ivy2\cache\org.apache.maven\maven-model\jars\maven-model-3.2.2.jar;C:\Users\Ryan\.ivy2\cache\org.codehaus.plexus\plexus-utils\jars\plexus-utils-3.0.17.jar;C:\Users\Ryan\.ivy2\cache\org.apache.maven\maven-settings\jars\maven-settings-3.2.2.jar;C:\Users\Ryan\.ivy2\cache\org.apache.maven\maven-settings-builder\jars\maven-settings-builder-3.2.2.jar;C:\Users\Ryan\.ivy2\cache\org.codehaus.plexus\plexus-interpolation\jars\plexus-interpolation-1.19.jar;C:\Users\Ryan\.ivy2\cache\org.codehaus.plexus\plexus-component-annotations\jars\plexus-component-annotations-1.5.5.jar;C:\Users\Ryan\.ivy2\cache\org.sonatype.plexus\plexus-sec-dispatcher\jars\plexus-sec-dispatcher-1.3.jar;C:\Users\Ryan\.ivy2\cache\org.sonatype.plexus\plexus-cipher\jars\plexus-cipher-1.4.jar;C:\Users\Ryan\.ivy2\cache\org.apache.maven\maven-repository-metadata\jars\maven-repository-metadata-3.2.2.jar;C:\Users\Ryan\.ivy2\cache\org.apache.maven\maven-artifact\jars\maven-artifact-3.2.2.jar;C:\Users\Ryan\.ivy2\cache\org.apache.maven\maven-plugin-api\jars\maven-plugin-api-3.2.2.jar;C:\Users\Ryan\.ivy2\cache\org.eclipse.sisu\org.eclipse.sisu.plexus\eclipse-plugins\org.eclipse.sisu.plexus-0.0.0.M5.jar;C:\Users\Ryan\.ivy2\cache\javax.enterprise\cdi-api\jars\cdi-api-1.0.jar;C:\Users\Ryan\.ivy2\cache\javax.annotation\jsr250-api\jars\jsr250-api-1.0.jar;C:\Users\Ryan\.ivy2\cache\javax.inject\javax.inject\jars\javax.inject-1.jar;C:\Users\Ryan\.ivy2\cache\org.sonatype.sisu\sisu-guice\jars\sisu-guice-3.1.0-no_aop.jar;C:\Users\Ryan\.ivy2\cache\aopalliance\aopalliance\jars\aopalliance-1.0.jar;C:\Users\Ryan\.ivy2\cache\org.eclipse.sisu\org.eclipse.sisu.inject\eclipse-plugins\org.eclipse.sisu.inject-0.0.0.M5.jar;C:\Users\Ryan\.ivy2\cache\org.codehaus.plexus\plexus-classworlds\bundles\plexus-classworlds-2.5.1.jar;C:\Users\Ryan\.ivy2\cache\org.apache.maven\maven-model-builder\jars\maven-model-builder-3.2.2.jar;C:\Users\Ryan\.ivy2\cache\org.apache.maven\maven-aether-provider\jars\maven-aether-provider-3.2.2.jar;C:\Users\Ryan\.ivy2\cache\org.eclipse.aether\aether-api\jars\aether-api-0.9.0.M2.jar;C:\Users\Ryan\.ivy2\cache\org.eclipse.aether\aether-spi\jars\aether-spi-0.9.0.M2.jar;C:\Users\Ryan\.ivy2\cache\org.eclipse.aether\aether-util\jars\aether-util-0.9.0.M2.jar;C:\Users\Ryan\.ivy2\cache\org.eclipse.aether\aether-impl\jars\aether-impl-0.9.0.M2.jar;C:\Users\Ryan\.ivy2\cache\org.apache.ant\ant\jars\ant-1.9.3.jar;C:\Users\Ryan\.ivy2\cache\org.apache.ant\ant-launcher\jars\ant-launcher-1.9.3.jar;C:\Users\Ryan\.ivy2\cache\org.bouncycastle\bcpg-jdk15on\jars\bcpg-jdk15on-1.51.jar;C:\Users\Ryan\.ivy2\cache\org.bouncycastle\bcprov-jdk15on\jars\bcprov-jdk15on-1.51.jar;C:\Users\Ryan\.ivy2\cache\scala_2.10\sbt_0.13\com.typesafe.sbt\sbt-web\jars\sbt-web-1.2.2.jar;C:\Users\Ryan\.ivy2\cache\org.webjars\webjars-locator\jars\webjars-locator-0.26.jar;C:\Users\Ryan\.ivy2\cache\org.webjars\webjars-locator-core\jars\webjars-locator-core-0.26.jar;C:\Users\Ryan\.ivy2\cache\org.apache.commons\commons-compress\jars\commons-compress-1.9.jar;C:\Users\Ryan\.ivy2\cache\com.fasterxml.jackson.core\jackson-databind\bundles\jackson-databind-2.3.3.jar;C:\Users\Ryan\.ivy2\cache\com.fasterxml.jackson.core\jackson-annotations\bundles\jackson-annotations-2.3.0.jar;C:\Users\Ryan\.ivy2\cache\com.fasterxml.jackson.core\jackson-core\bundles\jackson-core-2.3.3.jar;C:\Users\Ryan\.ivy2\cache\scala_2.10\sbt_0.13\com.typesafe.sbt\sbt-js-engine\jars\sbt-js-engine-1.1.3.jar;C:\Users\Ryan\.ivy2\cache\com.typesafe\jse_2.10\jars\jse_2.10-1.1.2.jar;C:\Users\Ryan\.ivy2\cache\com.typesafe.akka\akka-actor_2.10\jars\akka-actor_2.10-2.3.11.jar;C:\Users\Ryan\.ivy2\cache\com.typesafe.akka\akka-contrib_2.10\jars\akka-contrib_2.10-2.3.11.jar;C:\Users\Ryan\.ivy2\cache\com.typesafe.akka\akka-remote_2.10\jars\akka-remote_2.10-2.3.11.jar;C:\Users\Ryan\.ivy2\cache\io.netty\netty\bundles\netty-3.8.0.Final.jar;C:\Users\Ryan\.ivy2\cache\com.google.protobuf\protobuf-java\bundles\protobuf-java-2.5.0.jar;C:\Users\Ryan\.ivy2\cache\org.uncommons.maths\uncommons-maths\jars\uncommons-maths-1.2.2a.jar;C:\Users\Ryan\.ivy2\cache\com.typesafe.akka\akka-cluster_2.10\jars\akka-cluster_2.10-2.3.11.jar;C:\Users\Ryan\.ivy2\cache\com.typesafe.akka\akka-persistence-experimental_2.10\jars\akka-persistence-experimental_2.10-2.3.11.jar;C:\Users\Ryan\.ivy2\cache\org.iq80.leveldb\leveldb\jars\leveldb-0.5.jar;C:\Users\Ryan\.ivy2\cache\org.iq80.leveldb\leveldb-api\jars\leveldb-api-0.5.jar;C:\Users\Ryan\.ivy2\cache\org.fusesource.leveldbjni\leveldbjni-all\bundles\leveldbjni-all-1.7.jar;C:\Users\Ryan\.ivy2\cache\org.fusesource.leveldbjni\leveldbjni\jars\leveldbjni-1.7.jar;C:\Users\Ryan\.ivy2\cache\org.fusesource.hawtjni\hawtjni-runtime\jars\hawtjni-runtime-1.8.jar;C:\Users\Ryan\.ivy2\cache\org.fusesource.leveldbjni\leveldbjni-osx\jars\leveldbjni-osx-1.5.jar;C:\Users\Ryan\.ivy2\cache\org.fusesource.leveldbjni\leveldbjni-linux32\jars\leveldbjni-linux32-1.5.jar;C:\Users\Ryan\.ivy2\cache\org.fusesource.leveldbjni\leveldbjni-linux64\jars\leveldbjni-linux64-1.5.jar;C:\Users\Ryan\.ivy2\cache\org.fusesource.leveldbjni\leveldbjni-win32\jars\leveldbjni-win32-1.5.jar;C:\Users\Ryan\.ivy2\cache\org.fusesource.leveldbjni\leveldbjni-win64\jars\leveldbjni-win64-1.5.jar;C:\Users\Ryan\.ivy2\cache\io.apigee.trireme\trireme-core\jars\trireme-core-0.8.5.jar;C:\Users\Ryan\.ivy2\cache\io.apigee\rhino\jars\rhino-1.7R5pre4.jar;C:\Users\Ryan\.ivy2\cache\io.apigee.trireme\trireme-node10src\jars\trireme-node10src-0.8.5.jar;C:\Users\Ryan\.ivy2\cache\io.spray\spray-json_2.10\bundles\spray-json_2.10-1.3.2.jar;C:\Users\Ryan\.ivy2\cache\org.slf4j\slf4j-simple\jars\slf4j-simple-1.7.12.jar;C:\Users\Ryan\.ivy2\cache\org.slf4j\slf4j-api\jars\slf4j-api-1.7.12.jar;C:\Users\Ryan\.ivy2\cache\com.typesafe\npm_2.10\jars\npm_2.10-1.1.1.jar;C:\Users\Ryan\.ivy2\cache\org.webjars\npm\jars\npm-2.11.2.jar;C:\Users\Ryan\.ivy2\cache\scala_2.10\sbt_0.13\org.scala-sbt\sbt-core-next\jars\sbt-core-next-0.1.1.jar;C:\Users\Ryan\.ivy2\cache\org.scala-sbt\core-next_2.10\jars\core-next_2.10-0.1.1.jar;C:\Users\Ryan\.ivy2\cache\scala_2.10\sbt_0.13\com.typesafe.sbt\sbt-jshint\jars\sbt-jshint-1.0.3.jar;C:\Users\Ryan\.ivy2\cache\org.webjars\jshint-node\jars\jshint-node-2.4.3.jar;C:\Users\Ryan\.ivy2\cache\org.webjars\underscorejs\jars\underscorejs-1.5.2-2.jar;C:\Users\Ryan\.ivy2\cache\org.webjars\console-browserify\jars\console-browserify-0.1.6-1.jar;C:\Users\Ryan\.ivy2\cache\org.webjars\strip-json-comments\jars\strip-json-comments-1.0.2-1.jar;C:\Users\Ryan\.ivy2\cache\scala_2.10\sbt_0.13\com.typesafe.sbt\sbt-rjs\jars\sbt-rjs-1.0.7.jar;C:\Users\Ryan\.ivy2\cache\org.webjars\rjs\jars\rjs-2.1.15.jar;C:\Users\Ryan\.ivy2\cache\scala_2.10\sbt_0.13\com.typesafe.sbt\sbt-digest\jars\sbt-digest-1.1.0.jar;C:\Users\Ryan\.ivy2\cache\scala_2.10\sbt_0.13\com.typesafe.sbt\sbt-mocha\jars\sbt-mocha-1.1.0.jar;C:\Users\Ryan\.ivy2\cache\org.webjars\mocha\jars\mocha-1.17.1.jar;C:\Users\Ryan\.ivy2\cache\org.webjars\debug\jars\debug-0.7.4.jar;C:\Users\Ryan\.ivy2\cache\org.webjars\diff\jars\diff-1.0.7.jar;C:\Users\Ryan\.ivy2\cache\scala_2.10\sbt_0.13\com.typesafe.sbt\sbt-gzip\jars\sbt-gzip-1.0.0.jar;C:\Users\Ryan\.ivy2\cache\org.scala-sbt\sbt\jars\sbt-0.13.8.jar;C:\Users\Ryan\.ivy2\cache\org.scala-sbt\main\jars\main-0.13.8.jar;C:\Users\Ryan\.ivy2\cache\org.scala-sbt\actions\jars\actions-0.13.8.jar;C:\Users\Ryan\.ivy2\cache\org.scala-sbt\classpath\jars\classpath-0.13.8.jar;C:\Users\Ryan\.ivy2\cache\org.scala-sbt\launcher-interface\jars\launcher-interface-0.13.8.jar;C:\Users\Ryan\.ivy2\cache\org.scala-sbt\interface\jars\interface-0.13.8.jar;C:\Users\Ryan\.ivy2\cache\org.scala-sbt\io\jars\io-0.13.8.jar;C:\Users\Ryan\.ivy2\cache\org.scala-sbt\control\jars\control-0.13.8.jar;C:\Users\Ryan\.ivy2\cache\org.scala-sbt\completion\jars\completion-0.13.8.jar;C:\Users\Ryan\.ivy2\cache\org.scala-sbt\collections\jars\collections-0.13.8.jar;C:\Users\Ryan\.ivy2\cache\jline\jline\jars\jline-2.11.jar;C:\Users\Ryan\.ivy2\cache\org.scala-sbt\api\jars\api-0.13.8.jar;C:\Users\Ryan\.ivy2\cache\org.scala-sbt\compiler-integration\jars\compiler-integration-0.13.8.jar;C:\Users\Ryan\.ivy2\cache\org.scala-sbt\incremental-compiler\jars\incremental-compiler-0.13.8.jar;C:\Users\Ryan\.ivy2\cache\org.scala-sbt\logging\jars\logging-0.13.8.jar;C:\Users\Ryan\.ivy2\cache\org.scala-sbt\process\jars\process-0.13.8.jar;C:\Users\Ryan\.ivy2\cache\org.scala-sbt\relation\jars\relation-0.13.8.jar;C:\Users\Ryan\.ivy2\cache\org.scala-sbt\compile\jars\compile-0.13.8.jar;C:\Users\Ryan\.ivy2\cache\org.scala-sbt\classfile\jars\classfile-0.13.8.jar;C:\Users\Ryan\.ivy2\cache\org.scala-sbt\persist\jars\persist-0.13.8.jar;C:\Users\Ryan\.ivy2\cache\org.scala-tools.sbinary\sbinary_2.10\jars\sbinary_2.10-0.4.2.jar;C:\Users\Ryan\.ivy2\cache\org.scala-sbt\compiler-ivy-integration\jars\compiler-ivy-integration-0.13.8.jar;C:\Users\Ryan\.ivy2\cache\org.scala-sbt\ivy\jars\ivy-0.13.8.jar;C:\Users\Ryan\.ivy2\cache\org.scala-sbt\cross\jars\cross-0.13.8.jar;C:\Users\Ryan\.ivy2\cache\org.scala-sbt.ivy\ivy\jars\ivy-2.3.0-sbt-fccfbd44c9f64523b61398a0155784dcbaeae28f.jar;C:\Users\Ryan\.ivy2\cache\com.jcraft\jsch\jars\jsch-0.1.46.jar;C:\Users\Ryan\.ivy2\cache\org.scala-sbt\serialization_2.10\jars\serialization_2.10-0.1.1.jar;C:\Users\Ryan\.ivy2\cache\org.scala-sbt\run\jars\run-0.13.8.jar;C:\Users\Ryan\.ivy2\cache\org.scala-sbt\task-system\jars\task-system-0.13.8.jar;C:\Users\Ryan\.ivy2\cache\org.scala-sbt\tasks\jars\tasks-0.13.8.jar;C:\Users\Ryan\.ivy2\cache\org.scala-sbt\tracking\jars\tracking-0.13.8.jar;C:\Users\Ryan\.ivy2\cache\org.scala-sbt\cache\jars\cache-0.13.8.jar;C:\Users\Ryan\.ivy2\cache\org.scala-sbt\testing\jars\testing-0.13.8.jar;C:\Users\Ryan\.ivy2\cache\org.scala-sbt\test-agent\jars\test-agent-0.13.8.jar;C:\Users\Ryan\.ivy2\cache\org.scala-sbt\test-interface\jars\test-interface-1.0.jar;C:\Users\Ryan\.ivy2\cache\org.scala-sbt\main-settings\jars\main-settings-0.13.8.jar;C:\Users\Ryan\.ivy2\cache\org.scala-sbt\apply-macro\jars\apply-macro-0.13.8.jar;C:\Users\Ryan\.ivy2\cache\org.scala-sbt\command\jars\command-0.13.8.jar;C:\Users\Ryan\.ivy2\cache\org.scala-sbt\logic\jars\logic-0.13.8.jar;C:\Users\Ryan\.ivy2\cache\org.scala-sbt\compiler-interface\jars\compiler-interface-bin-0.13.8.jar;C:\Users\Ryan\.ivy2\cache\org.scala-sbt\compiler-interface\jars\compiler-interface-src-0.13.8.jar;C:\Users\Ryan\.ivy2\cache\org.scala-sbt\precompiled-2_8_2\jars\compiler-interface-bin-0.13.8.jar;C:\Users\Ryan\.ivy2\cache\org.scala-sbt\precompiled-2_9_2\jars\compiler-interface-bin-0.13.8.jar;C:\Users\Ryan\.ivy2\cache\org.scala-sbt\precompiled-2_9_3\jars\compiler-interface-bin-0.13.8.jar
Scala compilation took 2.292257571 s
New invalidations:
	Set()
Initial set of included nodes: Set()
Previously invalidated, but (transitively) depend on new invalidations:
	Set()
All newly invalidated sources after taking into account (previously) recompiled sources:Set()
Copy resource mappings: 
	
[Loading] Scanning directory E:\User Account Info\Documents\GitHub\Storage-Analytics
[Loading] Found root project root w/ remaining 
deducing auto plugins based on known facts Set(Atom(play.sbt.PlayScala), Atom(sbt.plugins.CorePlugin)) and clauses Clauses(List(Clause(Atom(sbt.plugins.JvmPlugin),Set(Atom(sbt.plugins.IvyPlugin))), Clause(Atom(sbt.plugins.JUnitXmlReportPlugin),Set(Atom(sbt.plugins.JvmPlugin))), Clause(Atom(play.sbt.forkrun.PlayForkRun),Set(Atom(sbt.plugins.BackgroundRunPlugin))), Clause(Atom(play.sbt.forkrun.PlayForkRun),Set(Atom(play.sbt.Play))), Clause(Atom(play.sbt.forkrun.PlayForkRun),Set(Atom(sbt.plugins.SerializersPlugin))), Clause(Atom(play.sbt.Play),Set(Atom(com.typesafe.sbt.packager.archetypes.JavaServerAppPackaging))), Clause(Atom(play.sbt.Play),Set(Atom(play.sbt.routes.RoutesCompiler))), Clause(Atom(play.sbt.Play),Set(Atom(play.twirl.sbt.SbtTwirl))), Clause(Atom(play.sbt.Play),Set(Atom(com.typesafe.sbt.jse.SbtJsTask))), Clause(Atom(play.sbt.PlayAkkaHttpServer),Set(Atom(play.sbt.Play))), Clause(Atom(play.sbt.PlayJava),Set(Atom(play.sbt.Play))), Clause(Atom(play.sbt.PlayLayoutPlugin),Set(Atom(play.sbt.Play))), Clause(Atom(play.sbt.PlayNettyServer),Set(Atom(play.sbt.Play))), Clause(Atom(play.sbt.PlayScala),Set(Atom(play.sbt.Play))), Clause(Atom(play.sbt.routes.RoutesCompiler),Set(Atom(sbt.plugins.JvmPlugin))), Clause(Atom(play.twirl.sbt.SbtTwirl),Set(Atom(sbt.plugins.JvmPlugin))), Clause(Atom(com.typesafe.sbt.packager.archetypes.AkkaAppPackaging),Set(Atom(com.typesafe.sbt.packager.archetypes.JavaAppPackaging))), Clause(Atom(com.typesafe.sbt.packager.archetypes.JavaAppPackaging),Set(Atom(com.typesafe.sbt.packager.windows.WindowsPlugin))), Clause(Atom(com.typesafe.sbt.packager.archetypes.JavaAppPackaging),Set(Atom(com.typesafe.sbt.packager.docker.DockerPlugin))), Clause(Atom(com.typesafe.sbt.packager.archetypes.JavaAppPackaging),Set(Atom(com.typesafe.sbt.packager.debian.DebianPlugin))), Clause(Atom(com.typesafe.sbt.packager.archetypes.JavaAppPackaging),Set(Atom(com.typesafe.sbt.packager.rpm.RpmPlugin))), Clause(Atom(com.typesafe.sbt.packager.archetypes.JavaServerAppPackaging),Set(Atom(com.typesafe.sbt.packager.archetypes.JavaAppPackaging))), Clause(Atom(com.typesafe.sbt.packager.archetypes.jar.ClasspathJarPlugin),Set(Atom(com.typesafe.sbt.packager.archetypes.JavaAppPackaging))), Clause(Atom(com.typesafe.sbt.packager.archetypes.jar.LauncherJarPlugin),Set(Atom(com.typesafe.sbt.packager.archetypes.JavaAppPackaging))), Clause(Atom(com.typesafe.sbt.packager.debian.DebianDeployPlugin),Set(Atom(com.typesafe.sbt.packager.debian.DebianPlugin))), Clause(Atom(com.typesafe.sbt.packager.debian.DebianPlugin),Set(Atom(com.typesafe.sbt.packager.linux.LinuxPlugin))), Clause(Atom(com.typesafe.sbt.packager.debian.JDebPackaging),Set(Atom(com.typesafe.sbt.packager.debian.DebianPlugin))), Clause(Atom(com.typesafe.sbt.packager.docker.DockerPlugin),Set(Atom(com.typesafe.sbt.packager.universal.UniversalPlugin))), Clause(Atom(com.typesafe.sbt.packager.jdkpackager.JDKPackagerDeployPlugin),Set(Atom(com.typesafe.sbt.packager.jdkpackager.JDKPackagerPlugin))), Clause(Atom(com.typesafe.sbt.packager.jdkpackager.JDKPackagerPlugin),Set(Atom(com.typesafe.sbt.packager.archetypes.JavaAppPackaging))), Clause(Atom(com.typesafe.sbt.packager.jdkpackager.JDKPackagerPlugin),Set(Atom(com.typesafe.sbt.packager.archetypes.jar.ClasspathJarPlugin))), Clause(Atom(com.typesafe.sbt.packager.linux.LinuxPlugin),Set(Atom(com.typesafe.sbt.packager.universal.UniversalPlugin))), Clause(Atom(com.typesafe.sbt.packager.rpm.RpmDeployPlugin),Set(Atom(com.typesafe.sbt.packager.rpm.RpmPlugin))), Clause(Atom(com.typesafe.sbt.packager.rpm.RpmPlugin),Set(Atom(com.typesafe.sbt.packager.linux.LinuxPlugin))), Clause(Atom(com.typesafe.sbt.packager.universal.UniversalDeployPlugin),Set(Atom(com.typesafe.sbt.packager.universal.UniversalPlugin))), Clause(Atom(com.typesafe.sbt.packager.universal.UniversalPlugin),Set(Atom(com.typesafe.sbt.SbtNativePackager))), Clause(Atom(com.typesafe.sbt.packager.windows.WindowsDeployPlugin),Set(Atom(com.typesafe.sbt.packager.windows.WindowsPlugin))), Clause(Atom(com.typesafe.sbt.packager.windows.WindowsPlugin),Set(Atom(com.typesafe.sbt.packager.universal.UniversalPlugin))), Clause(Atom(com.typesafe.sbt.web.SbtWeb),Set(Atom(sbt.plugins.JvmPlugin))), Clause(Atom(com.typesafe.sbt.jse.SbtJsEngine),Set(Atom(com.typesafe.sbt.web.SbtWeb))), Clause(Atom(com.typesafe.sbt.jse.SbtJsTask),Set(Atom(com.typesafe.sbt.jse.SbtJsEngine))), Clause(Atom(sbt.plugins.BackgroundRunPlugin),Set(Atom(sbt.plugins.JvmPlugin))), Clause(Atom(com.typesafe.sbt.jshint.SbtJSHint),Set(Atom(com.typesafe.sbt.jse.SbtJsTask))), Clause(Atom(com.typesafe.sbt.rjs.SbtRjs),Set(Atom(com.typesafe.sbt.jse.SbtJsTask))), Clause(Atom(com.typesafe.sbt.digest.SbtDigest),Set(Atom(com.typesafe.sbt.web.SbtWeb))), Clause(Atom(com.typesafe.sbt.mocha.SbtMocha),Set(Atom(com.typesafe.sbt.jse.SbtJsTask))), Clause(Atom(com.typesafe.sbt.gzip.SbtGzip),Set(Atom(com.typesafe.sbt.web.SbtWeb))), Clause(Atom(sbt.plugins.CorePlugin),Set(Atom(sbt.plugins.IvyPlugin))), Clause(Atom(sbt.plugins.IvyPlugin),Set(Atom(sbt.plugins.JvmPlugin))), Clause(Atom(sbt.plugins.JvmPlugin),Set(Atom(sbt.plugins.JUnitXmlReportPlugin))), Clause(And(Set(Atom(sbt.plugins.BackgroundRunPlugin), Atom(play.sbt.Play), Atom(sbt.plugins.SerializersPlugin))),Set(Atom(play.sbt.forkrun.PlayForkRun))), Clause(Atom(play.sbt.Play),Set(Atom(play.sbt.PlayLayoutPlugin))), Clause(Atom(play.sbt.Play),Set(Atom(play.sbt.PlayNettyServer))), Clause(Atom(com.typesafe.sbt.web.SbtWeb),Set(Atom(com.typesafe.sbt.jse.SbtJsEngine))), Clause(Atom(com.typesafe.sbt.jse.SbtJsEngine),Set(Atom(com.typesafe.sbt.jse.SbtJsTask))), Clause(Atom(sbt.plugins.JvmPlugin),Set(Atom(sbt.plugins.BackgroundRunPlugin))), Clause(Atom(sbt.plugins.CorePlugin),Set(Atom(sbt.plugins.InteractionServicePlugin))), Clause(Atom(sbt.plugins.CorePlugin),Set(Atom(sbt.plugins.SendEventServicePlugin))), Clause(Atom(sbt.plugins.CorePlugin),Set(Atom(sbt.plugins.SerializersPlugin))), Clause(Atom(com.typesafe.sbt.jse.SbtJsTask),Set(Atom(com.typesafe.sbt.jshint.SbtJSHint))), Clause(Atom(com.typesafe.sbt.jse.SbtJsTask),Set(Atom(com.typesafe.sbt.rjs.SbtRjs))), Clause(Atom(com.typesafe.sbt.web.SbtWeb),Set(Atom(com.typesafe.sbt.digest.SbtDigest))), Clause(Atom(com.typesafe.sbt.jse.SbtJsTask),Set(Atom(com.typesafe.sbt.mocha.SbtMocha))), Clause(Atom(com.typesafe.sbt.web.SbtWeb),Set(Atom(com.typesafe.sbt.gzip.SbtGzip)))))
  :: deduced result: Matched(sbt.plugins.CorePlugin,play.sbt.PlayScala,sbt.plugins.InteractionServicePlugin,sbt.plugins.SendEventServicePlugin,play.sbt.Play,sbt.plugins.SerializersPlugin,sbt.plugins.IvyPlugin,com.typesafe.sbt.packager.archetypes.JavaServerAppPackaging,play.twirl.sbt.SbtTwirl,sbt.plugins.JvmPlugin,play.sbt.PlayNettyServer,play.sbt.PlayLayoutPlugin,play.sbt.routes.RoutesCompiler,com.typesafe.sbt.jse.SbtJsTask,com.typesafe.sbt.jshint.SbtJSHint,com.typesafe.sbt.packager.archetypes.JavaAppPackaging,sbt.plugins.JUnitXmlReportPlugin,com.typesafe.sbt.mocha.SbtMocha,com.typesafe.sbt.rjs.SbtRjs,com.typesafe.sbt.jse.SbtJsEngine,sbt.plugins.BackgroundRunPlugin,com.typesafe.sbt.packager.rpm.RpmPlugin,com.typesafe.sbt.packager.windows.WindowsPlugin,com.typesafe.sbt.web.SbtWeb,com.typesafe.sbt.packager.docker.DockerPlugin,play.sbt.forkrun.PlayForkRun,com.typesafe.sbt.packager.debian.DebianPlugin,com.typesafe.sbt.gzip.SbtGzip,com.typesafe.sbt.digest.SbtDigest,com.typesafe.sbt.packager.universal.UniversalPlugin,com.typesafe.sbt.packager.linux.LinuxPlugin,com.typesafe.sbt.SbtNativePackager)
sorting: ns: List(sbt.plugins.CorePlugin, play.sbt.PlayScala, sbt.plugins.InteractionServicePlugin, sbt.plugins.SendEventServicePlugin, play.sbt.Play, sbt.plugins.SerializersPlugin, sbt.plugins.IvyPlugin, com.typesafe.sbt.packager.archetypes.JavaServerAppPackaging, play.twirl.sbt.SbtTwirl, sbt.plugins.JvmPlugin, play.sbt.PlayNettyServer, play.sbt.PlayLayoutPlugin, play.sbt.routes.RoutesCompiler, com.typesafe.sbt.jse.SbtJsTask, com.typesafe.sbt.jshint.SbtJSHint, com.typesafe.sbt.packager.archetypes.JavaAppPackaging, sbt.plugins.JUnitXmlReportPlugin, com.typesafe.sbt.mocha.SbtMocha, com.typesafe.sbt.rjs.SbtRjs, com.typesafe.sbt.jse.SbtJsEngine, sbt.plugins.BackgroundRunPlugin, com.typesafe.sbt.packager.rpm.RpmPlugin, com.typesafe.sbt.packager.windows.WindowsPlugin, com.typesafe.sbt.web.SbtWeb, com.typesafe.sbt.packager.docker.DockerPlugin, play.sbt.forkrun.PlayForkRun, com.typesafe.sbt.packager.debian.DebianPlugin, com.typesafe.sbt.gzip.SbtGzip, com.typesafe.sbt.digest.SbtDigest, com.typesafe.sbt.packager.universal.UniversalPlugin, com.typesafe.sbt.packager.linux.LinuxPlugin, com.typesafe.sbt.SbtNativePackager)
  :: sorting:: found: List(sbt.plugins.CorePlugin, com.typesafe.sbt.SbtNativePackager) not found List(play.sbt.PlayScala, sbt.plugins.InteractionServicePlugin, sbt.plugins.SendEventServicePlugin, play.sbt.Play, sbt.plugins.SerializersPlugin, sbt.plugins.IvyPlugin, com.typesafe.sbt.packager.archetypes.JavaServerAppPackaging, play.twirl.sbt.SbtTwirl, sbt.plugins.JvmPlugin, play.sbt.PlayNettyServer, play.sbt.PlayLayoutPlugin, play.sbt.routes.RoutesCompiler, com.typesafe.sbt.jse.SbtJsTask, com.typesafe.sbt.jshint.SbtJSHint, com.typesafe.sbt.packager.archetypes.JavaAppPackaging, sbt.plugins.JUnitXmlReportPlugin, com.typesafe.sbt.mocha.SbtMocha, com.typesafe.sbt.rjs.SbtRjs, com.typesafe.sbt.jse.SbtJsEngine, sbt.plugins.BackgroundRunPlugin, com.typesafe.sbt.packager.rpm.RpmPlugin, com.typesafe.sbt.packager.windows.WindowsPlugin, com.typesafe.sbt.web.SbtWeb, com.typesafe.sbt.packager.docker.DockerPlugin, play.sbt.forkrun.PlayForkRun, com.typesafe.sbt.packager.debian.DebianPlugin, com.typesafe.sbt.gzip.SbtGzip, com.typesafe.sbt.digest.SbtDigest, com.typesafe.sbt.packager.universal.UniversalPlugin, com.typesafe.sbt.packager.linux.LinuxPlugin)
  :: sorting:: found: List(sbt.plugins.CorePlugin, com.typesafe.sbt.SbtNativePackager, sbt.plugins.InteractionServicePlugin, sbt.plugins.SendEventServicePlugin, sbt.plugins.SerializersPlugin, sbt.plugins.IvyPlugin, com.typesafe.sbt.packager.universal.UniversalPlugin) not found List(play.sbt.PlayScala, play.sbt.Play, com.typesafe.sbt.packager.archetypes.JavaServerAppPackaging, play.twirl.sbt.SbtTwirl, sbt.plugins.JvmPlugin, play.sbt.PlayNettyServer, play.sbt.PlayLayoutPlugin, play.sbt.routes.RoutesCompiler, com.typesafe.sbt.jse.SbtJsTask, com.typesafe.sbt.jshint.SbtJSHint, com.typesafe.sbt.packager.archetypes.JavaAppPackaging, sbt.plugins.JUnitXmlReportPlugin, com.typesafe.sbt.mocha.SbtMocha, com.typesafe.sbt.rjs.SbtRjs, com.typesafe.sbt.jse.SbtJsEngine, sbt.plugins.BackgroundRunPlugin, com.typesafe.sbt.packager.rpm.RpmPlugin, com.typesafe.sbt.packager.windows.WindowsPlugin, com.typesafe.sbt.web.SbtWeb, com.typesafe.sbt.packager.docker.DockerPlugin, play.sbt.forkrun.PlayForkRun, com.typesafe.sbt.packager.debian.DebianPlugin, com.typesafe.sbt.gzip.SbtGzip, com.typesafe.sbt.digest.SbtDigest, com.typesafe.sbt.packager.linux.LinuxPlugin)
  :: sorting:: found: List(sbt.plugins.CorePlugin, com.typesafe.sbt.SbtNativePackager, sbt.plugins.InteractionServicePlugin, sbt.plugins.SendEventServicePlugin, sbt.plugins.SerializersPlugin, sbt.plugins.IvyPlugin, com.typesafe.sbt.packager.universal.UniversalPlugin, sbt.plugins.JvmPlugin, com.typesafe.sbt.packager.windows.WindowsPlugin, com.typesafe.sbt.packager.docker.DockerPlugin, com.typesafe.sbt.packager.linux.LinuxPlugin) not found List(play.sbt.PlayScala, play.sbt.Play, com.typesafe.sbt.packager.archetypes.JavaServerAppPackaging, play.twirl.sbt.SbtTwirl, play.sbt.PlayNettyServer, play.sbt.PlayLayoutPlugin, play.sbt.routes.RoutesCompiler, com.typesafe.sbt.jse.SbtJsTask, com.typesafe.sbt.jshint.SbtJSHint, com.typesafe.sbt.packager.archetypes.JavaAppPackaging, sbt.plugins.JUnitXmlReportPlugin, com.typesafe.sbt.mocha.SbtMocha, com.typesafe.sbt.rjs.SbtRjs, com.typesafe.sbt.jse.SbtJsEngine, sbt.plugins.BackgroundRunPlugin, com.typesafe.sbt.packager.rpm.RpmPlugin, com.typesafe.sbt.web.SbtWeb, play.sbt.forkrun.PlayForkRun, com.typesafe.sbt.packager.debian.DebianPlugin, com.typesafe.sbt.gzip.SbtGzip, com.typesafe.sbt.digest.SbtDigest)
  :: sorting:: found: List(sbt.plugins.CorePlugin, com.typesafe.sbt.SbtNativePackager, sbt.plugins.InteractionServicePlugin, sbt.plugins.SendEventServicePlugin, sbt.plugins.SerializersPlugin, sbt.plugins.IvyPlugin, com.typesafe.sbt.packager.universal.UniversalPlugin, sbt.plugins.JvmPlugin, com.typesafe.sbt.packager.windows.WindowsPlugin, com.typesafe.sbt.packager.docker.DockerPlugin, com.typesafe.sbt.packager.linux.LinuxPlugin, play.twirl.sbt.SbtTwirl, play.sbt.routes.RoutesCompiler, sbt.plugins.JUnitXmlReportPlugin, sbt.plugins.BackgroundRunPlugin, com.typesafe.sbt.packager.rpm.RpmPlugin, com.typesafe.sbt.web.SbtWeb, com.typesafe.sbt.packager.debian.DebianPlugin) not found List(play.sbt.PlayScala, play.sbt.Play, com.typesafe.sbt.packager.archetypes.JavaServerAppPackaging, play.sbt.PlayNettyServer, play.sbt.PlayLayoutPlugin, com.typesafe.sbt.jse.SbtJsTask, com.typesafe.sbt.jshint.SbtJSHint, com.typesafe.sbt.packager.archetypes.JavaAppPackaging, com.typesafe.sbt.mocha.SbtMocha, com.typesafe.sbt.rjs.SbtRjs, com.typesafe.sbt.jse.SbtJsEngine, play.sbt.forkrun.PlayForkRun, com.typesafe.sbt.gzip.SbtGzip, com.typesafe.sbt.digest.SbtDigest)
  :: sorting:: found: List(sbt.plugins.CorePlugin, com.typesafe.sbt.SbtNativePackager, sbt.plugins.InteractionServicePlugin, sbt.plugins.SendEventServicePlugin, sbt.plugins.SerializersPlugin, sbt.plugins.IvyPlugin, com.typesafe.sbt.packager.universal.UniversalPlugin, sbt.plugins.JvmPlugin, com.typesafe.sbt.packager.windows.WindowsPlugin, com.typesafe.sbt.packager.docker.DockerPlugin, com.typesafe.sbt.packager.linux.LinuxPlugin, play.twirl.sbt.SbtTwirl, play.sbt.routes.RoutesCompiler, sbt.plugins.JUnitXmlReportPlugin, sbt.plugins.BackgroundRunPlugin, com.typesafe.sbt.packager.rpm.RpmPlugin, com.typesafe.sbt.web.SbtWeb, com.typesafe.sbt.packager.debian.DebianPlugin, com.typesafe.sbt.packager.archetypes.JavaAppPackaging, com.typesafe.sbt.jse.SbtJsEngine, com.typesafe.sbt.gzip.SbtGzip, com.typesafe.sbt.digest.SbtDigest) not found List(play.sbt.PlayScala, play.sbt.Play, com.typesafe.sbt.packager.archetypes.JavaServerAppPackaging, play.sbt.PlayNettyServer, play.sbt.PlayLayoutPlugin, com.typesafe.sbt.jse.SbtJsTask, com.typesafe.sbt.jshint.SbtJSHint, com.typesafe.sbt.mocha.SbtMocha, com.typesafe.sbt.rjs.SbtRjs, play.sbt.forkrun.PlayForkRun)
  :: sorting:: found: List(sbt.plugins.CorePlugin, com.typesafe.sbt.SbtNativePackager, sbt.plugins.InteractionServicePlugin, sbt.plugins.SendEventServicePlugin, sbt.plugins.SerializersPlugin, sbt.plugins.IvyPlugin, com.typesafe.sbt.packager.universal.UniversalPlugin, sbt.plugins.JvmPlugin, com.typesafe.sbt.packager.windows.WindowsPlugin, com.typesafe.sbt.packager.docker.DockerPlugin, com.typesafe.sbt.packager.linux.LinuxPlugin, play.twirl.sbt.SbtTwirl, play.sbt.routes.RoutesCompiler, sbt.plugins.JUnitXmlReportPlugin, sbt.plugins.BackgroundRunPlugin, com.typesafe.sbt.packager.rpm.RpmPlugin, com.typesafe.sbt.web.SbtWeb, com.typesafe.sbt.packager.debian.DebianPlugin, com.typesafe.sbt.packager.archetypes.JavaAppPackaging, com.typesafe.sbt.jse.SbtJsEngine, com.typesafe.sbt.gzip.SbtGzip, com.typesafe.sbt.digest.SbtDigest, com.typesafe.sbt.packager.archetypes.JavaServerAppPackaging, com.typesafe.sbt.jse.SbtJsTask) not found List(play.sbt.PlayScala, play.sbt.Play, play.sbt.PlayNettyServer, play.sbt.PlayLayoutPlugin, com.typesafe.sbt.jshint.SbtJSHint, com.typesafe.sbt.mocha.SbtMocha, com.typesafe.sbt.rjs.SbtRjs, play.sbt.forkrun.PlayForkRun)
  :: sorting:: found: List(sbt.plugins.CorePlugin, com.typesafe.sbt.SbtNativePackager, sbt.plugins.InteractionServicePlugin, sbt.plugins.SendEventServicePlugin, sbt.plugins.SerializersPlugin, sbt.plugins.IvyPlugin, com.typesafe.sbt.packager.universal.UniversalPlugin, sbt.plugins.JvmPlugin, com.typesafe.sbt.packager.windows.WindowsPlugin, com.typesafe.sbt.packager.docker.DockerPlugin, com.typesafe.sbt.packager.linux.LinuxPlugin, play.twirl.sbt.SbtTwirl, play.sbt.routes.RoutesCompiler, sbt.plugins.JUnitXmlReportPlugin, sbt.plugins.BackgroundRunPlugin, com.typesafe.sbt.packager.rpm.RpmPlugin, com.typesafe.sbt.web.SbtWeb, com.typesafe.sbt.packager.debian.DebianPlugin, com.typesafe.sbt.packager.archetypes.JavaAppPackaging, com.typesafe.sbt.jse.SbtJsEngine, com.typesafe.sbt.gzip.SbtGzip, com.typesafe.sbt.digest.SbtDigest, com.typesafe.sbt.packager.archetypes.JavaServerAppPackaging, com.typesafe.sbt.jse.SbtJsTask, play.sbt.Play, com.typesafe.sbt.jshint.SbtJSHint, com.typesafe.sbt.mocha.SbtMocha, com.typesafe.sbt.rjs.SbtRjs) not found List(play.sbt.PlayScala, play.sbt.PlayNettyServer, play.sbt.PlayLayoutPlugin, play.sbt.forkrun.PlayForkRun)
  :: sorting:: found: List(sbt.plugins.CorePlugin, com.typesafe.sbt.SbtNativePackager, sbt.plugins.InteractionServicePlugin, sbt.plugins.SendEventServicePlugin, sbt.plugins.SerializersPlugin, sbt.plugins.IvyPlugin, com.typesafe.sbt.packager.universal.UniversalPlugin, sbt.plugins.JvmPlugin, com.typesafe.sbt.packager.windows.WindowsPlugin, com.typesafe.sbt.packager.docker.DockerPlugin, com.typesafe.sbt.packager.linux.LinuxPlugin, play.twirl.sbt.SbtTwirl, play.sbt.routes.RoutesCompiler, sbt.plugins.JUnitXmlReportPlugin, sbt.plugins.BackgroundRunPlugin, com.typesafe.sbt.packager.rpm.RpmPlugin, com.typesafe.sbt.web.SbtWeb, com.typesafe.sbt.packager.debian.DebianPlugin, com.typesafe.sbt.packager.archetypes.JavaAppPackaging, com.typesafe.sbt.jse.SbtJsEngine, com.typesafe.sbt.gzip.SbtGzip, com.typesafe.sbt.digest.SbtDigest, com.typesafe.sbt.packager.archetypes.JavaServerAppPackaging, com.typesafe.sbt.jse.SbtJsTask, play.sbt.Play, com.typesafe.sbt.jshint.SbtJSHint, com.typesafe.sbt.mocha.SbtMocha, com.typesafe.sbt.rjs.SbtRjs, play.sbt.PlayScala, play.sbt.PlayNettyServer, play.sbt.PlayLayoutPlugin, play.sbt.forkrun.PlayForkRun) not found List()
  :: sorted deduced result: List(sbt.plugins.CorePlugin, com.typesafe.sbt.SbtNativePackager, sbt.plugins.InteractionServicePlugin, sbt.plugins.SendEventServicePlugin, sbt.plugins.SerializersPlugin, sbt.plugins.IvyPlugin, com.typesafe.sbt.packager.universal.UniversalPlugin, sbt.plugins.JvmPlugin, com.typesafe.sbt.packager.windows.WindowsPlugin, com.typesafe.sbt.packager.docker.DockerPlugin, com.typesafe.sbt.packager.linux.LinuxPlugin, play.twirl.sbt.SbtTwirl, play.sbt.routes.RoutesCompiler, sbt.plugins.JUnitXmlReportPlugin, sbt.plugins.BackgroundRunPlugin, com.typesafe.sbt.packager.rpm.RpmPlugin, com.typesafe.sbt.web.SbtWeb, com.typesafe.sbt.packager.debian.DebianPlugin, com.typesafe.sbt.packager.archetypes.JavaAppPackaging, com.typesafe.sbt.jse.SbtJsEngine, com.typesafe.sbt.gzip.SbtGzip, com.typesafe.sbt.digest.SbtDigest, com.typesafe.sbt.packager.archetypes.JavaServerAppPackaging, com.typesafe.sbt.jse.SbtJsTask, play.sbt.Play, com.typesafe.sbt.jshint.SbtJSHint, com.typesafe.sbt.mocha.SbtMocha, com.typesafe.sbt.rjs.SbtRjs, play.sbt.PlayScala, play.sbt.PlayNettyServer, play.sbt.PlayLayoutPlugin, play.sbt.forkrun.PlayForkRun)
[Loading] Done in E:\User Account Info\Documents\GitHub\Storage-Analytics, returning: (root)
Set current project to storage-analytics (in build file:/E:/User%20Account%20Info/Documents/GitHub/Storage-Analytics/)
Reapplying settings...
Set current project to storage-analytics (in build file:/E:/User%20Account%20Info/Documents/GitHub/Storage-Analytics/)
> iflast shell
> server-send-ready-for-request
> server-handle-next-server-request
> {file:/E:/User%20Account%20Info/Documents/GitHub/Storage-Analytics/}root/compile:discoveredMainClasses
Evaluating tasks: compile:discoveredMainClasses
Running task... Cancel: sbt.server.ServerTaskCancellation@527e42fc, check cycles: false

Initial source changes: 
	removed:Set()
	added: Set()
	modified: Set()
Removed products: Set()
External API changes: API Changes: Set()
Modified binary dependencies: Set()
Initial directly invalidated sources: Set()

Sources indirectly invalidated by:
	product: Set()
	binary dep: Set()
	external source: Set()
All initially invalidated sources: Set()

Total time: 1 s, completed Dec 10, 2016 9:46:19 PM
> server-post-command-cleanup
> server-handle-next-server-request
> {file:/E:/User%20Account%20Info/Documents/GitHub/Storage-Analytics/}root/compile:mainClass
Evaluating tasks: compile:mainClass
Running task... Cancel: sbt.server.ServerTaskCancellation@13325baf, check cycles: false
Total time: 0 s, completed Dec 10, 2016 9:46:19 PM
> server-post-command-cleanup
> server-handle-next-server-request
> {file:/E:/User%20Account%20Info/Documents/GitHub/Storage-Analytics/}root/compile:discoveredMainClasses
Evaluating tasks: compile:discoveredMainClasses
Running task... Cancel: sbt.server.ServerTaskCancellation@5b725ec1, check cycles: false

Initial source changes: 
	removed:Set()
	added: Set()
	modified: Set()
Removed products: Set()
External API changes: API Changes: Set()
Modified binary dependencies: Set()
Initial directly invalidated sources: Set()

Sources indirectly invalidated by:
	product: Set()
	binary dep: Set()
	external source: Set()
All initially invalidated sources: Set()

Total time: 0 s, completed Dec 10, 2016 9:46:19 PM
> server-post-command-cleanup
> server-handle-next-server-request
> {file:/E:/User%20Account%20Info/Documents/GitHub/Storage-Analytics/}root/compile:mainClass
Evaluating tasks: compile:mainClass
Running task... Cancel: sbt.server.ServerTaskCancellation@4e1e6b4, check cycles: false
Total time: 0 s, completed Dec 10, 2016 9:46:20 PM
> server-post-command-cleanup
> server-handle-next-server-request
> backgroundRun
Evaluating tasks: compile:backgroundRun
Running task... Cancel: sbt.server.ServerTaskCancellation@2bc1eea6, check cycles: false
Total time: 0 s, completed Dec 10, 2016 9:46:40 PM
> server-post-command-cleanup
> server-handle-next-server-request
> {file:/E:/User%20Account%20Info/Documents/GitHub/Storage-Analytics/}root/*:playForkConfig
Evaluating tasks: *:playForkConfig
Running task... Cancel: sbt.server.ServerTaskCancellation@2f800d96, check cycles: false
Total time: 0 s, completed Dec 10, 2016 9:46:42 PM
> server-post-command-cleanup
> server-handle-next-server-request
> root/playForkNotifyStart http://localhost:9000
Evaluating tasks: *:playForkNotifyStart
Running task... Cancel: sbt.server.ServerTaskCancellation@4377f5cb, check cycles: false
Total time: 0 s, completed Dec 10, 2016 9:46:43 PM
> server-post-command-cleanup
> server-handle-next-server-request
> jobStop 1
Evaluating tasks: *:jobStop
Running task... Cancel: sbt.server.ServerTaskCancellation@2958646, check cycles: false
Total time: 0 s, completed Dec 10, 2016 9:47:10 PM
> server-post-command-cleanup
> server-handle-next-server-request
> jobStop 1
Evaluating tasks: *:jobStop
Running task... Cancel: sbt.server.ServerTaskCancellation@4611c0ce, check cycles: false
Exception in thread "sbt-bg-threads-1" java.lang.Error: java.lang.InterruptedException: sleep interrupted
	at java.util.concurrent.ThreadPoolExecutor.runWorker(Unknown Source)
	at java.util.concurrent.ThreadPoolExecutor$Worker.run(Unknown Source)
	at java.lang.Thread.run(Unknown Source)
Caused by: java.lang.InterruptedException: sleep interrupted
	at java.lang.Thread.sleep(Native Method)
	at play.sbt.forkrun.PlayForkProcess$.timedWaitFor(PlayForkProcess.scala:80)
	at play.sbt.forkrun.PlayForkProcess$.play$sbt$forkrun$PlayForkProcess$$stop$1(PlayForkProcess.scala:54)
	at play.sbt.forkrun.PlayForkProcess$.run(PlayForkProcess.scala:70)
	at play.sbt.forkrun.PlayForkProcess$.apply(PlayForkProcess.scala:35)
	at play.sbt.forkrun.PlayForkRun$$anonfun$backgroundForkRunTask$1$$anonfun$apply$7$$anonfun$apply$8$$anonfun$apply$9.apply(PlayForkRun.scala:108)
	at play.sbt.forkrun.PlayForkRun$$anonfun$backgroundForkRunTask$1$$anonfun$apply$7$$anonfun$apply$8$$anonfun$apply$9.apply(PlayForkRun.scala:107)
	at sbt.BackgroundThreadPool$$anonfun$1.apply$mcV$sp(AbstractBackgroundJobService.scala:134)
	at sbt.BackgroundThreadPool$BackgroundRunnable.run(AbstractBackgroundJobService.scala:68)
	... 3 more
Total time: 0 s, completed Dec 10, 2016 9:47:15 PM
> server-post-command-cleanup
> server-handle-next-server-request
> backgroundRun
Evaluating tasks: compile:backgroundRun
Running task... Cancel: sbt.server.ServerTaskCancellation@cf5bdc6, check cycles: false
Total time: 0 s, completed Dec 10, 2016 9:47:18 PM
> server-post-command-cleanup
> server-handle-next-server-request
> {file:/E:/User%20Account%20Info/Documents/GitHub/Storage-Analytics/}root/*:playForkConfig
Evaluating tasks: *:playForkConfig
Running task... Cancel: sbt.server.ServerTaskCancellation@4d6697e9, check cycles: false
Total time: 0 s, completed Dec 10, 2016 9:47:21 PM
> server-post-command-cleanup
> server-handle-next-server-request
> root/playForkNotifyStart http://localhost:9000
Evaluating tasks: *:playForkNotifyStart
Running task... Cancel: sbt.server.ServerTaskCancellation@11b12281, check cycles: false
Total time: 0 s, completed Dec 10, 2016 9:47:22 PM
> server-post-command-cleanup
> server-handle-next-server-request
> {file:/E:/User%20Account%20Info/Documents/GitHub/Storage-Analytics/}root/*:playForkReload
Evaluating tasks: *:playForkReload
Running task... Cancel: sbt.server.ServerTaskCancellation@51fe8344, check cycles: false

Initial source changes: 
	removed:Set()
	added: Set()
	modified: Set()
Removed products: Set()
External API changes: API Changes: Set()
Modified binary dependencies: Set()
Initial directly invalidated sources: Set()

Sources indirectly invalidated by:
	product: Set()
	binary dep: Set()
	external source: Set()
All initially invalidated sources: Set()

Copy resource mappings: 
	(E:\User Account Info\Documents\GitHub\Storage-Analytics\conf\application.conf,E:\User Account Info\Documents\GitHub\Storage-Analytics\target\scala-2.11\classes\application.conf)
	(E:\User Account Info\Documents\GitHub\Storage-Analytics\conf\logback.xml,E:\User Account Info\Documents\GitHub\Storage-Analytics\target\scala-2.11\classes\logback.xml)
	(E:\User Account Info\Documents\GitHub\Storage-Analytics\conf\routes,E:\User Account Info\Documents\GitHub\Storage-Analytics\target\scala-2.11\classes\routes)
Total time: 1 s, completed Dec 10, 2016 9:47:46 PM
> server-post-command-cleanup
> server-handle-next-server-request
Done executing sbt server engine, result Right(Exit(0))
Closing listening server socket
Waiting for socket thread
Waiting for request processor thread
Waiting for command engine result
Returning control to sbt launcher with result Exit(0)
Closing the 12980@DESKTOP-VNT9566 logs at Sat Dec 10 22:50:20 EST 2016, goodbye.
